# JRE version: OpenJDK Runtime Environment (17.0.6) (build 17.0.6+0-b2043.56-10027231)
# Java VM: OpenJDK 64-Bit Server VM (17.0.6+0-b2043.56-10027231, mixed mode, tiered, compressed oops, compressed class ptrs, g1 gc, windows-amd64)
GC Precious Log:
 CPUs: 8 total, 8 available
 Memory: 8089M
 Large Page Support: Disabled
 NUMA Support: Disabled
 Compressed Oops: Enabled (32-bit)
 Heap Region Size: 1M
 Heap Min Capacity: 8M
 Heap Initial Capacity: 128M
 Heap Max Capacity: 2G
 Pre-touch: Disabled
 Parallel Workers: 8
 Concurrent Workers: 2
 Concurrent Refinement Workers: 8
 Periodic GC: Disabled
Heap:
 garbage-first heap   total 317440K, used 117587K [0x0000000080000000, 0x0000000100000000)
  region size 1024K, 20 young (20480K), 19 survivors (19456K)
 Metaspace       used 122056K, committed 122688K, reserved 536576K
  class space    used 15835K, committed 16128K, reserved 421888K
GC Heap History (20 events):
Event: 67.522 GC heap before
{Heap before GC invocations=38 (full 0):
 garbage-first heap   total 158720K, used 125198K [0x0000000080000000, 0x0000000100000000)
  region size 1024K, 51 young (52224K), 1 survivors (1024K)
 Metaspace       used 96163K, committed 96704K, reserved 512000K
  class space    used 12474K, committed 12736K, reserved 421888K
}
Event: 67.529 GC heap after
{Heap after GC invocations=39 (full 0):
 garbage-first heap   total 158720K, used 77132K [0x0000000080000000, 0x0000000100000000)
  region size 1024K, 4 young (4096K), 4 survivors (4096K)
 Metaspace       used 96163K, committed 96704K, reserved 512000K
  class space    used 12474K, committed 12736K, reserved 421888K
}
Event: 69.985 GC heap before
{Heap before GC invocations=40 (full 0):
 garbage-first heap   total 158720K, used 124236K [0x0000000080000000, 0x0000000100000000)
  region size 1024K, 50 young (51200K), 4 survivors (4096K)
 Metaspace       used 104538K, committed 105088K, reserved 520192K
  class space    used 13357K, committed 13632K, reserved 421888K
}
Event: 69.991 GC heap after
{Heap after GC invocations=41 (full 0):
 garbage-first heap   total 158720K, used 77966K [0x0000000080000000, 0x0000000100000000)
  region size 1024K, 4 young (4096K), 4 survivors (4096K)
 Metaspace       used 104538K, committed 105088K, reserved 520192K
  class space    used 13357K, committed 13632K, reserved 421888K
}
Event: 70.118 GC heap before
{Heap before GC invocations=41 (full 0):
 garbage-first heap   total 158720K, used 81038K [0x0000000080000000, 0x0000000100000000)
  region size 1024K, 7 young (7168K), 4 survivors (4096K)
 Metaspace       used 104932K, committed 105472K, reserved 520192K
  class space    used 13431K, committed 13696K, reserved 421888K
}
Event: 70.129 GC heap after
{Heap after GC invocations=42 (full 0):
 garbage-first heap   total 158720K, used 78117K [0x0000000080000000, 0x0000000100000000)
  region size 1024K, 1 young (1024K), 1 survivors (1024K)
 Metaspace       used 104932K, committed 105472K, reserved 520192K
  class space    used 13431K, committed 13696K, reserved 421888K
}
Event: 70.911 GC heap before
{Heap before GC invocations=42 (full 0):
 garbage-first heap   total 158720K, used 108837K [0x0000000080000000, 0x0000000100000000)
  region size 1024K, 32 young (32768K), 1 survivors (1024K)
 Metaspace       used 106241K, committed 106816K, reserved 520192K
  class space    used 13635K, committed 13888K, reserved 421888K
}
Event: 70.916 GC heap after
{Heap after GC invocations=43 (full 0):
 garbage-first heap   total 158720K, used 81191K [0x0000000080000000, 0x0000000100000000)
  region size 1024K, 4 young (4096K), 4 survivors (4096K)
 Metaspace       used 106241K, committed 106816K, reserved 520192K
  class space    used 13635K, committed 13888K, reserved 421888K
}
Event: 71.408 GC heap before
{Heap before GC invocations=44 (full 0):
 garbage-first heap   total 158720K, used 129319K [0x0000000080000000, 0x0000000100000000)
  region size 1024K, 50 young (51200K), 4 survivors (4096K)
 Metaspace       used 106439K, committed 107008K, reserved 520192K
  class space    used 13638K, committed 13888K, reserved 421888K
}
Event: 71.415 GC heap after
{Heap after GC invocations=45 (full 0):
 garbage-first heap   total 158720K, used 84855K [0x0000000080000000, 0x0000000100000000)
  region size 1024K, 4 young (4096K), 4 survivors (4096K)
 Metaspace       used 106439K, committed 107008K, reserved 520192K
  class space    used 13638K, committed 13888K, reserved 421888K
}
Event: 71.434 GC heap before
{Heap before GC invocations=45 (full 0):
 garbage-first heap   total 158720K, used 87927K [0x0000000080000000, 0x0000000100000000)
  region size 1024K, 7 young (7168K), 4 survivors (4096K)
 Metaspace       used 106449K, committed 107008K, reserved 520192K
  class space    used 13638K, committed 13888K, reserved 421888K
}
Event: 71.438 GC heap after
{Heap after GC invocations=46 (full 0):
 garbage-first heap   total 158720K, used 81543K [0x0000000080000000, 0x0000000100000000)
  region size 1024K, 1 young (1024K), 1 survivors (1024K)
 Metaspace       used 106449K, committed 107008K, reserved 520192K
  class space    used 13638K, committed 13888K, reserved 421888K
}
Event: 73.117 GC heap before
{Heap before GC invocations=46 (full 0):
 garbage-first heap   total 158720K, used 128647K [0x0000000080000000, 0x0000000100000000)
  region size 1024K, 47 young (48128K), 1 survivors (1024K)
 Metaspace       used 110608K, committed 111168K, reserved 520192K
  class space    used 14275K, committed 14528K, reserved 421888K
}
Event: 73.122 GC heap after
{Heap after GC invocations=47 (full 0):
 garbage-first heap   total 158720K, used 85084K [0x0000000080000000, 0x0000000100000000)
  region size 1024K, 4 young (4096K), 4 survivors (4096K)
 Metaspace       used 110608K, committed 111168K, reserved 520192K
  class space    used 14275K, committed 14528K, reserved 421888K
}
Event: 76.705 GC heap before
{Heap before GC invocations=48 (full 0):
 garbage-first heap   total 158720K, used 136284K [0x0000000080000000, 0x0000000100000000)
  region size 1024K, 48 young (49152K), 4 survivors (4096K)
 Metaspace       used 115986K, committed 116672K, reserved 528384K
  class space    used 15026K, committed 15360K, reserved 421888K
}
Event: 76.712 GC heap after
{Heap after GC invocations=49 (full 0):
 garbage-first heap   total 158720K, used 95230K [0x0000000080000000, 0x0000000100000000)
  region size 1024K, 5 young (5120K), 5 survivors (5120K)
 Metaspace       used 115986K, committed 116672K, reserved 528384K
  class space    used 15026K, committed 15360K, reserved 421888K
}
Event: 76.771 GC heap before
{Heap before GC invocations=49 (full 0):
 garbage-first heap   total 158720K, used 97278K [0x0000000080000000, 0x0000000100000000)
  region size 1024K, 7 young (7168K), 5 survivors (5120K)
 Metaspace       used 116297K, committed 116992K, reserved 528384K
  class space    used 15084K, committed 15424K, reserved 421888K
}
Event: 76.775 GC heap after
{Heap after GC invocations=50 (full 0):
 garbage-first heap   total 158720K, used 94041K [0x0000000080000000, 0x0000000100000000)
  region size 1024K, 1 young (1024K), 1 survivors (1024K)
 Metaspace       used 116297K, committed 116992K, reserved 528384K
  class space    used 15084K, committed 15424K, reserved 421888K
}
Event: 77.810 GC heap before
{Heap before GC invocations=50 (full 0):
 garbage-first heap   total 158720K, used 130905K [0x0000000080000000, 0x0000000100000000)
  region size 1024K, 37 young (37888K), 1 survivors (1024K)
 Metaspace       used 120115K, committed 120768K, reserved 528384K
  class space    used 15680K, committed 16000K, reserved 421888K
}
Event: 77.818 GC heap after
{Heap after GC invocations=51 (full 0):
 garbage-first heap   total 317440K, used 95847K [0x0000000080000000, 0x0000000100000000)
  region size 1024K, 3 young (3072K), 3 survivors (3072K)
 Metaspace       used 120115K, committed 120768K, reserved 528384K
  class space    used 15680K, committed 16000K, reserved 421888K
}

