# JRE version: Java(TM) SE Runtime Environment 18.9 (11.0.20+9) (build 11.0.20+9-LTS-256)
# Java VM: Java HotSpot(TM) 64-Bit Server VM 18.9 (11.0.20+9-LTS-256, mixed mode, tiered, compressed oops, g1 gc, windows-amd64)
Heap:
 garbage-first heap   total 157696K, used 124345K [0x0000000080000000, 0x0000000100000000)
  region size 1024K, 14 young (14336K), 3 survivors (3072K)
 Metaspace       used 142965K, capacity 146019K, committed 146344K, reserved 645120K
  class space    used 17975K, capacity 19247K, committed 19352K, reserved 516096K
GC Heap History (10 events):
Event: 144.357 GC heap before
{Heap before GC invocations=89 (full 0):
 garbage-first heap   total 157696K, used 128559K [0x0000000080000000, 0x0000000100000000)
  region size 1024K, 17 young (17408K), 3 survivors (3072K)
 Metaspace       used 139805K, capacity 142895K, committed 143016K, reserved 641024K
  class space    used 17516K, capacity 18768K, committed 18840K, reserved 516096K
}
Event: 144.365 GC heap after
{Heap after GC invocations=90 (full 0):
 garbage-first heap   total 157696K, used 114289K [0x0000000080000000, 0x0000000100000000)
  region size 1024K, 1 young (1024K), 1 survivors (1024K)
 Metaspace       used 139805K, capacity 142895K, committed 143016K, reserved 641024K
  class space    used 17516K, capacity 18768K, committed 18840K, reserved 516096K
}
Event: 144.512 GC heap before
{Heap before GC invocations=90 (full 0):
 garbage-first heap   total 157696K, used 120433K [0x0000000080000000, 0x0000000100000000)
  region size 1024K, 7 young (7168K), 1 survivors (1024K)
 Metaspace       used 140242K, capacity 143295K, committed 143656K, reserved 641024K
  class space    used 17572K, capacity 18837K, committed 18968K, reserved 516096K
}
Event: 144.529 GC heap after
{Heap after GC invocations=91 (full 0):
 garbage-first heap   total 157696K, used 110589K [0x0000000080000000, 0x0000000100000000)
  region size 1024K, 1 young (1024K), 1 survivors (1024K)
 Metaspace       used 140242K, capacity 143295K, committed 143656K, reserved 641024K
  class space    used 17572K, capacity 18837K, committed 18968K, reserved 516096K
}
Event: 146.312 GC heap before
{Heap before GC invocations=91 (full 0):
 garbage-first heap   total 157696K, used 131069K [0x0000000080000000, 0x0000000100000000)
  region size 1024K, 20 young (20480K), 1 survivors (1024K)
 Metaspace       used 142015K, capacity 145022K, committed 145064K, reserved 643072K
  class space    used 17816K, capacity 19067K, committed 19096K, reserved 516096K
}
Event: 146.315 GC heap after
{Heap after GC invocations=92 (full 0):
 garbage-first heap   total 157696K, used 112044K [0x0000000080000000, 0x0000000100000000)
  region size 1024K, 2 young (2048K), 2 survivors (2048K)
 Metaspace       used 142015K, capacity 145022K, committed 145064K, reserved 643072K
  class space    used 17816K, capacity 19067K, committed 19096K, reserved 516096K
}
Event: 147.486 GC heap before
{Heap before GC invocations=92 (full 0):
 garbage-first heap   total 157696K, used 131500K [0x0000000080000000, 0x0000000100000000)
  region size 1024K, 21 young (21504K), 2 survivors (2048K)
 Metaspace       used 142821K, capacity 145910K, committed 146088K, reserved 643072K
  class space    used 17963K, capacity 19213K, committed 19352K, reserved 516096K
}
Event: 147.489 GC heap after
{Heap after GC invocations=93 (full 0):
 garbage-first heap   total 157696K, used 112834K [0x0000000080000000, 0x0000000100000000)
  region size 1024K, 2 young (2048K), 2 survivors (2048K)
 Metaspace       used 142821K, capacity 145910K, committed 146088K, reserved 643072K
  class space    used 17963K, capacity 19213K, committed 19352K, reserved 516096K
}
Event: 147.648 GC heap before
{Heap before GC invocations=93 (full 0):
 garbage-first heap   total 157696K, used 132290K [0x0000000080000000, 0x0000000100000000)
  region size 1024K, 21 young (21504K), 2 survivors (2048K)
 Metaspace       used 142883K, capacity 146006K, committed 146344K, reserved 645120K
  class space    used 17969K, capacity 19245K, committed 19352K, reserved 516096K
}
Event: 147.651 GC heap after
{Heap after GC invocations=94 (full 0):
 garbage-first heap   total 157696K, used 114105K [0x0000000080000000, 0x0000000100000000)
  region size 1024K, 3 young (3072K), 3 survivors (3072K)
 Metaspace       used 142883K, capacity 146006K, committed 146344K, reserved 645120K
  class space    used 17969K, capacity 19245K, committed 19352K, reserved 516096K
}

